<?xml version="1.0" encoding="UTF-8"?>
<testsuite name="edu.testServices.TestApplicantService" tests="6" skipped="0" failures="0" errors="0" timestamp="2024-02-04T10:41:20" hostname="DESKTOP-IOA6ABH" time="0.784">
  <properties/>
  <testcase name="testFindAll()" classname="edu.testServices.TestApplicantService" time="0.742"/>
  <testcase name="testSave()" classname="edu.testServices.TestApplicantService" time="0.026"/>
  <testcase name="testFindByCode()" classname="edu.testServices.TestApplicantService" time="0.002"/>
  <testcase name="updateById()" classname="edu.testServices.TestApplicantService" time="0.002"/>
  <testcase name="testFindById()" classname="edu.testServices.TestApplicantService" time="0.003"/>
  <testcase name="deleteById()" classname="edu.testServices.TestApplicantService" time="0.002"/>
  <system-out><![CDATA[]]></system-out>
  <system-err><![CDATA[]]></system-err>
</testsuite>
